<?xml version="1.0" encoding="UTF-8"?>
<testng-results ignored="1" total="4" passed="3" failed="0" skipped="0">
  <reporter-output>
  </reporter-output>
  <suite started-at="2026-08-05T00:56:29 IST" name="Default suite" finished-at="2026-08-05T00:56:33 IST" duration-ms="3739">
    <groups>
    </groups>
    <test started-at="2026-08-05T00:56:29 IST" name="Default test" finished-at="2026-08-05T00:56:33 IST" duration-ms="3739">
      <class name="RestAssuredTest.test.E2EEcartAPITest">
        <test-method is-config="true" signature="setUp()[pri:0, instance:RestAssuredTest.test.E2EEcartAPITest@24269709]" started-at="2026-08-05T00:56:29 IST" name="setUp" finished-at="2026-08-05T00:56:29 IST" duration-ms="334" status="PASS">
          <reporter-output>
          </reporter-output>
        </test-method> <!-- setUp -->
        <test-method signature="loginTest()[pri:0, instance:RestAssuredTest.test.E2EEcartAPITest@24269709]" started-at="2026-08-05T00:56:29 IST" name="loginTest" finished-at="2026-08-05T00:56:32 IST" duration-ms="2359" status="PASS">
          <reporter-output>
          </reporter-output>
        </test-method> <!-- loginTest -->
        <test-method signature="getAllProducts()[pri:0, instance:RestAssuredTest.test.E2EEcartAPITest@24269709]" started-at="2026-08-05T00:56:32 IST" name="getAllProducts" finished-at="2026-08-05T00:56:32 IST" depends-on-methods="RestAssuredTest.test.E2EEcartAPITest.loginTest" duration-ms="495" status="PASS">
          <reporter-output>
          </reporter-output>
        </test-method> <!-- getAllProducts -->
        <test-method signature="getProductIphone()[pri:0, instance:RestAssuredTest.test.E2EEcartAPITest@24269709]" started-at="2026-08-05T00:56:32 IST" name="getProductIphone" finished-at="2026-08-05T00:56:33 IST" depends-on-methods="RestAssuredTest.test.E2EEcartAPITest.getAllProducts" duration-ms="509" status="PASS">
          <reporter-output>
          </reporter-output>
        </test-method> <!-- getProductIphone -->
      </class> <!-- RestAssuredTest.test.E2EEcartAPITest -->
    </test> <!-- Default test -->
  </suite> <!-- Default suite -->
</testng-results>
