<?xml version="1.0" encoding="UTF-8"?>
<testng-results ignored="5" total="6" passed="1" failed="0" skipped="0">
  <reporter-output>
  </reporter-output>
  <suite started-at="2026-08-19T17:23:18 IST" name="Default suite" finished-at="2026-08-19T17:23:21 IST" duration-ms="3170">
    <groups>
    </groups>
    <test started-at="2026-08-19T17:23:18 IST" name="Default test" finished-at="2026-08-19T17:23:21 IST" duration-ms="3170">
      <class name="RestAssuredTest.test.E2EEcartAPITest">
        <test-method signature="getAllProducts()[pri:0, instance:RestAssuredTest.test.E2EEcartAPITest@489115ef]" started-at="2026-08-19T17:23:18 IST" name="getAllProducts" finished-at="2026-08-19T17:23:21 IST" duration-ms="2852" status="PASS">
          <reporter-output>
          </reporter-output>
        </test-method> <!-- getAllProducts -->
      </class> <!-- RestAssuredTest.test.E2EEcartAPITest -->
    </test> <!-- Default test -->
  </suite> <!-- Default suite -->
</testng-results>
