<?xml version="1.0" encoding="UTF-8"?>
<!-- Generated by org.testng.reporters.JUnitReportReporter -->
<testsuite hostname="DESKTOP-FR0J84E" failures="0" tests="3" name="RestAssuredTest.test.E2EEcartAPITest" time="3.363" errors="0" timestamp="2026-08-05T00:56:33 IST" skipped="0">
  <testcase classname="RestAssuredTest.test.E2EEcartAPITest" name="loginTest" time="2.359"/>
  <testcase classname="RestAssuredTest.test.E2EEcartAPITest" name="getAllProducts" time="0.495"/>
  <testcase classname="RestAssuredTest.test.E2EEcartAPITest" name="getProductIphone" time="0.509"/>
</testsuite> <!-- RestAssuredTest.test.E2EEcartAPITest -->
