<?xml version="1.0" encoding="UTF-8"?>
<!-- Generated by org.testng.reporters.JUnitReportReporter -->
<testsuite hostname="DESKTOP-FR0J84E" failures="0" tests="7" name="E2ETestSuite.EcomTest.E2ETest" time="198.841" errors="0" timestamp="2026-07-20T00:44:13 IST" skipped="0">
  <testcase classname="E2ETestSuite.EcomTest.E2ETest" name="checkoutTest" time="59.964"/>
  <testcase classname="E2ETestSuite.EcomTest.E2ETest" name="addToCartValidation" time="10.899"/>
  <testcase classname="E2ETestSuite.EcomTest.E2ETest" name="ordersValidation" time="13.510"/>
  <testcase classname="E2ETestSuite.EcomTest.E2ETest" name="addToCartValidation" time="13.194"/>
  <testcase classname="E2ETestSuite.EcomTest.E2ETest" name="LoginTest" time="34.851"/>
  <testcase classname="E2ETestSuite.EcomTest.E2ETest" name="addToCartValidation" time="49.902"/>
  <testcase classname="E2ETestSuite.EcomTest.E2ETest" name="homePageValidation" time="16.521"/>
</testsuite> <!-- E2ETestSuite.EcomTest.E2ETest -->
