<?xml version="1.0" encoding="UTF-8"?>
<!-- Generated by org.testng.reporters.JUnitXMLReporter -->
<testsuite ignored="0" hostname="DESKTOP-FR0J84E" failures="0" tests="7" name="Test" time="74.283" errors="0" timestamp="2026-07-20T00:44:12 IST">
  <testcase classname="E2ETestSuite.EcomTest.E2ETest" name="ordersValidation" time="7.847"/>
  <testcase classname="E2ETestSuite.EcomTest.E2ETest" name="homePageValidation" time="12.375"/>
  <testcase classname="E2ETestSuite.EcomTest.E2ETest" name="LoginTest" time="30.733"/>
  <testcase classname="E2ETestSuite.EcomTest.E2ETest" name="addToCartValidation" time="45.72"/>
  <testcase classname="E2ETestSuite.EcomTest.E2ETest" name="checkoutTest" time="58.369"/>
  <testcase classname="E2ETestSuite.EcomTest.E2ETest" name="addToCartValidation" time="9.015"/>
  <testcase classname="E2ETestSuite.EcomTest.E2ETest" name="addToCartValidation" time="9.106"/>
</testsuite> <!-- Test -->
