<?xml version="1.0" encoding="UTF-8"?>
<!-- Generated by org.testng.reporters.JUnitXMLReporter -->
<testsuite ignored="1" hostname="DESKTOP-FR0J84E" failures="0" tests="3" name="Default test" time="3.739" errors="0" timestamp="2026-08-05T00:56:33 IST">
  <testcase classname="RestAssuredTest.test.E2EEcartAPITest" name="loginTest" time="2.359"/>
  <testcase classname="RestAssuredTest.test.E2EEcartAPITest" name="getAllProducts" time="0.495"/>
  <testcase classname="RestAssuredTest.test.E2EEcartAPITest" name="getProductIphone" time="0.509"/>
  <testcase classname="RestAssuredTest.test.E2EEcartAPITest" name="registerUser" time="0.0">
    <ignored/>
  </testcase> <!-- registerUser -->
</testsuite> <!-- Default test -->
