<?xml version="1.0" encoding="UTF-8"?>
<!-- Generated by org.testng.reporters.JUnitXMLReporter -->
<testsuite ignored="5" hostname="DESKTOP-FR0J84E" failures="0" tests="1" name="Default test" time="3.17" errors="0" timestamp="2026-08-19T17:23:21 IST">
  <testcase classname="RestAssuredTest.test.E2EEcartAPITest" name="getAllProducts" time="2.852"/>
  <testcase classname="RestAssuredTest.test.E2EEcartAPITest" name="getProductIphone" time="0.0">
    <ignored/>
  </testcase> <!-- getProductIphone -->
  <testcase classname="RestAssuredTest.test.E2EEcartAPITest" name="createOrder" time="0.0">
    <ignored/>
  </testcase> <!-- createOrder -->
  <testcase classname="RestAssuredTest.test.E2EEcartAPITest" name="addToCart" time="0.0">
    <ignored/>
  </testcase> <!-- addToCart -->
  <testcase classname="RestAssuredTest.test.E2EEcartAPITest" name="getOrders" time="0.0">
    <ignored/>
  </testcase> <!-- getOrders -->
  <testcase classname="RestAssuredTest.test.E2EEcartAPITest" name="deleteOrders" time="0.0">
    <ignored/>
  </testcase> <!-- deleteOrders -->
</testsuite> <!-- Default test -->
